2022-07-19 11:35:01.169 [main] INFO  com.nopcommerce.testCases.BaseClass - User name is provided
2022-07-19 11:35:01.318 [main] INFO  com.nopcommerce.testCases.BaseClass - password is provided
2022-07-19 11:35:09.101 [main] INFO  com.nopcommerce.testCases.BaseClass - providing customer details....
2022-07-19 11:35:27.409 [main] INFO  com.nopcommerce.testCases.BaseClass - validation started....
2022-07-19 11:35:28.842 [main] INFO  com.nopcommerce.testCases.BaseClass - test case passed....
2022-07-19 11:49:29.998 [main] INFO  com.nopcommerce.testCases.BaseClass - User name is provided
2022-07-19 11:49:30.243 [main] INFO  com.nopcommerce.testCases.BaseClass - password is provided
2022-07-19 11:49:42.954 [main] INFO  com.nopcommerce.testCases.BaseClass - providing customer details....
2022-07-19 11:50:11.022 [main] INFO  com.nopcommerce.testCases.BaseClass - validation started....
2022-07-19 11:50:12.419 [main] INFO  com.nopcommerce.testCases.BaseClass - test case passed....
2022-07-19 12:26:54.174 [main] INFO  com.nopcommerce.testCases.BaseClass - User name is provided
2022-07-19 12:26:54.355 [main] INFO  com.nopcommerce.testCases.BaseClass - password is provided
2022-07-19 12:27:02.703 [main] INFO  com.nopcommerce.testCases.BaseClass - providing customer details....
2022-07-19 12:27:33.929 [main] INFO  com.nopcommerce.testCases.BaseClass - validation started....
2022-07-19 12:27:35.548 [main] INFO  com.nopcommerce.testCases.BaseClass - test case passed....
2022-07-19 16:37:20.706 [main] INFO  com.nopcommerce.testCases.BaseClass - User name is provided
2022-07-19 16:37:21.532 [main] INFO  com.nopcommerce.testCases.BaseClass - password is provided
2022-07-19 16:37:38.327 [main] INFO  com.nopcommerce.testCases.BaseClass - providing customer details....
2022-07-19 16:38:03.364 [main] INFO  com.nopcommerce.testCases.BaseClass - validation started....
2022-07-19 16:38:04.679 [main] INFO  com.nopcommerce.testCases.BaseClass - test case passed....
2022-07-19 18:43:36.548 [main] INFO  com.nopcommerce.testCases.BaseClass - User name is provided
2022-07-19 18:43:36.769 [main] INFO  com.nopcommerce.testCases.BaseClass - password is provided
2022-07-19 18:43:45.995 [main] INFO  com.nopcommerce.testCases.BaseClass - providing customer details....
2022-07-19 18:44:23.821 [main] INFO  com.nopcommerce.testCases.BaseClass - validation started....
2022-07-19 18:44:25.403 [main] INFO  com.nopcommerce.testCases.BaseClass - test case passed....
2022-07-19 19:00:40.553 [main] INFO  com.nopcommerce.testCases.BaseClass - User name is provided
2022-07-19 19:00:40.757 [main] INFO  com.nopcommerce.testCases.BaseClass - password is provided
2022-07-19 19:00:47.275 [main] INFO  com.nopcommerce.testCases.BaseClass - providing customer details....
2022-07-19 19:01:08.416 [main] INFO  com.nopcommerce.testCases.BaseClass - validation started....
2022-07-19 19:01:09.714 [main] INFO  com.nopcommerce.testCases.BaseClass - test case passed....
2022-07-19 20:13:56.418 [main] INFO  com.nopcommerce.testCases.BaseClass - User name is provided
2022-07-19 20:13:56.590 [main] INFO  com.nopcommerce.testCases.BaseClass - password is provided
2022-07-19 20:14:05.416 [main] INFO  com.nopcommerce.testCases.BaseClass - providing customer details....
2022-07-19 20:14:24.961 [main] INFO  com.nopcommerce.testCases.BaseClass - validation started....
2022-07-19 20:14:26.474 [main] INFO  com.nopcommerce.testCases.BaseClass - test case passed....
