2022-07-21 09:59:02.009 [main] INFO  com.nopcommerce.testCases.BaseClass - User name is provided
2022-07-21 09:59:02.174 [main] INFO  com.nopcommerce.testCases.BaseClass - password is provided
2022-07-21 09:59:11.235 [main] INFO  com.nopcommerce.testCases.BaseClass - providing customer details....
2022-07-21 09:59:29.605 [main] INFO  com.nopcommerce.testCases.BaseClass - validation started....
2022-07-21 09:59:31.219 [main] INFO  com.nopcommerce.testCases.BaseClass - test case passed....
2022-07-21 10:37:20.865 [main] INFO  com.nopcommerce.testCases.BaseClass - User name is provided
2022-07-21 10:37:21.018 [main] INFO  com.nopcommerce.testCases.BaseClass - password is provided
2022-07-21 10:37:30.672 [main] INFO  com.nopcommerce.testCases.BaseClass - providing customer details....
2022-07-21 10:38:00.349 [main] INFO  com.nopcommerce.testCases.BaseClass - validation started....
2022-07-21 10:54:18.641 [main] INFO  com.nopcommerce.testCases.BaseClass - User name is provided
2022-07-21 10:54:19.285 [main] INFO  com.nopcommerce.testCases.BaseClass - password is provided
2022-07-21 10:54:30.973 [main] INFO  com.nopcommerce.testCases.BaseClass - providing customer details....
2022-07-21 10:55:03.076 [main] INFO  com.nopcommerce.testCases.BaseClass - validation started....
2022-07-21 10:55:05.082 [main] INFO  com.nopcommerce.testCases.BaseClass - test case passed....
2022-07-21 10:58:07.569 [main] INFO  com.nopcommerce.testCases.BaseClass - User name is provided
2022-07-21 10:58:07.775 [main] INFO  com.nopcommerce.testCases.BaseClass - password is provided
2022-07-21 10:58:18.627 [main] INFO  com.nopcommerce.testCases.BaseClass - providing customer details....
2022-07-21 10:58:38.235 [main] INFO  com.nopcommerce.testCases.BaseClass - validation started....
2022-07-21 10:58:40.140 [main] INFO  com.nopcommerce.testCases.BaseClass - test case passed....
2022-07-21 12:22:20.351 [main] INFO  com.nopcommerce.testCases.BaseClass - User name is provided
2022-07-21 12:22:20.585 [main] INFO  com.nopcommerce.testCases.BaseClass - password is provided
2022-07-21 12:22:28.974 [main] INFO  com.nopcommerce.testCases.BaseClass - providing customer details....
2022-07-21 12:25:30.432 [main] INFO  com.nopcommerce.testCases.BaseClass - User name is provided
2022-07-21 12:25:30.609 [main] INFO  com.nopcommerce.testCases.BaseClass - password is provided
2022-07-21 12:25:36.292 [main] INFO  com.nopcommerce.testCases.BaseClass - providing customer details....
2022-07-21 12:25:54.520 [main] INFO  com.nopcommerce.testCases.BaseClass - validation started....
2022-07-21 12:25:55.940 [main] INFO  com.nopcommerce.testCases.BaseClass - test case passed....
2022-07-21 12:33:24.985 [main] INFO  com.nopcommerce.testCases.BaseClass - User name is provided
2022-07-21 12:33:25.402 [main] INFO  com.nopcommerce.testCases.BaseClass - password is provided
2022-07-21 12:33:40.513 [main] INFO  com.nopcommerce.testCases.BaseClass - providing customer details....
2022-07-21 12:56:49.977 [main] INFO  com.nopcommerce.testCases.BaseClass - User name is provided
2022-07-21 12:56:51.323 [main] INFO  com.nopcommerce.testCases.BaseClass - password is provided
2022-07-21 12:57:09.339 [main] INFO  com.nopcommerce.testCases.BaseClass - providing customer details....
2022-07-21 12:56:49.593 [main] INFO  com.nopcommerce.testCases.BaseClass - User name is provided
2022-07-21 12:56:51.447 [main] INFO  com.nopcommerce.testCases.BaseClass - password is provided
2022-07-21 12:57:08.639 [main] INFO  com.nopcommerce.testCases.BaseClass - providing customer details....
2022-07-21 12:58:26.647 [main] INFO  com.nopcommerce.testCases.BaseClass - User name is provided
2022-07-21 12:58:26.711 [main] INFO  com.nopcommerce.testCases.BaseClass - password is provided
2022-07-21 12:58:30.337 [main] INFO  com.nopcommerce.testCases.BaseClass - providing customer details....
2022-07-21 13:00:44.452 [main] INFO  com.nopcommerce.testCases.BaseClass - User name is provided
2022-07-21 13:00:44.516 [main] INFO  com.nopcommerce.testCases.BaseClass - password is provided
2022-07-21 13:00:49.110 [main] INFO  com.nopcommerce.testCases.BaseClass - providing customer details....
2022-07-21 13:01:04.387 [main] INFO  com.nopcommerce.testCases.BaseClass - validation started....
2022-07-21 13:01:05.637 [main] INFO  com.nopcommerce.testCases.BaseClass - test case passed....
2022-07-21 16:08:47.070 [main] INFO  com.nopcommerce.testCases.BaseClass - User name is provided
2022-07-21 16:08:47.257 [main] INFO  com.nopcommerce.testCases.BaseClass - password is provided
2022-07-21 16:08:56.667 [main] INFO  com.nopcommerce.testCases.BaseClass - providing customer details....
2022-07-21 16:09:21.151 [main] INFO  com.nopcommerce.testCases.BaseClass - validation started....
2022-07-21 16:09:22.627 [main] INFO  com.nopcommerce.testCases.BaseClass - test case passed....
2022-07-21 16:10:50.295 [main] INFO  com.nopcommerce.testCases.BaseClass - User name is provided
2022-07-21 16:10:50.497 [main] INFO  com.nopcommerce.testCases.BaseClass - password is provided
2022-07-21 16:10:57.052 [main] INFO  com.nopcommerce.testCases.BaseClass - providing customer details....
2022-07-21 16:11:14.278 [main] INFO  com.nopcommerce.testCases.BaseClass - validation started....
2022-07-21 16:11:15.859 [main] INFO  com.nopcommerce.testCases.BaseClass - test case passed....
2022-07-21 16:14:05.340 [main] INFO  com.nopcommerce.testCases.BaseClass - User name is provided
2022-07-21 16:14:05.533 [main] INFO  com.nopcommerce.testCases.BaseClass - password is provided
2022-07-21 16:14:14.415 [main] INFO  com.nopcommerce.testCases.BaseClass - providing customer details....
2022-07-21 16:14:34.460 [main] INFO  com.nopcommerce.testCases.BaseClass - validation started....
2022-07-21 16:14:36.536 [main] INFO  com.nopcommerce.testCases.BaseClass - test case passed....
2022-07-21 16:18:55.842 [main] INFO  com.nopcommerce.testCases.BaseClass - User name is provided
2022-07-21 16:18:56.021 [main] INFO  com.nopcommerce.testCases.BaseClass - password is provided
2022-07-21 16:19:03.588 [main] INFO  com.nopcommerce.testCases.BaseClass - providing customer details....
2022-07-21 16:23:27.404 [main] INFO  com.nopcommerce.testCases.BaseClass - User name is provided
2022-07-21 16:23:27.576 [main] INFO  com.nopcommerce.testCases.BaseClass - password is provided
2022-07-21 16:23:39.880 [main] INFO  com.nopcommerce.testCases.BaseClass - providing customer details....
2022-07-21 16:27:54.610 [main] INFO  com.nopcommerce.testCases.BaseClass - User name is provided
2022-07-21 16:27:54.837 [main] INFO  com.nopcommerce.testCases.BaseClass - password is provided
2022-07-21 16:28:03.487 [main] INFO  com.nopcommerce.testCases.BaseClass - providing customer details....
2022-07-21 16:29:33.555 [main] INFO  com.nopcommerce.testCases.BaseClass - User name is provided
2022-07-21 16:29:33.679 [main] INFO  com.nopcommerce.testCases.BaseClass - password is provided
2022-07-21 16:29:44.711 [main] INFO  com.nopcommerce.testCases.BaseClass - providing customer details....
2022-07-21 16:31:53.225 [main] INFO  com.nopcommerce.testCases.BaseClass - User name is provided
2022-07-21 16:31:53.510 [main] INFO  com.nopcommerce.testCases.BaseClass - password is provided
2022-07-21 16:32:08.487 [main] INFO  com.nopcommerce.testCases.BaseClass - providing customer details....
2022-07-21 16:33:03.908 [main] INFO  com.nopcommerce.testCases.BaseClass - User name is provided
2022-07-21 16:33:04.023 [main] INFO  com.nopcommerce.testCases.BaseClass - password is provided
2022-07-21 16:33:09.511 [main] INFO  com.nopcommerce.testCases.BaseClass - providing customer details....
2022-07-21 16:33:28.388 [main] INFO  com.nopcommerce.testCases.BaseClass - validation started....
2022-07-21 16:33:29.822 [main] INFO  com.nopcommerce.testCases.BaseClass - test case passed....
2022-07-21 18:39:06.994 [main] INFO  com.nopcommerce.testCases.BaseClass - User name is provided
2022-07-21 18:39:08.222 [main] INFO  com.nopcommerce.testCases.BaseClass - password is provided
2022-07-21 18:39:21.893 [main] INFO  com.nopcommerce.testCases.BaseClass - providing customer details....
2022-07-21 18:39:46.673 [main] INFO  com.nopcommerce.testCases.BaseClass - validation started....
2022-07-21 18:39:48.191 [main] INFO  com.nopcommerce.testCases.BaseClass - test case passed....
2022-07-21 18:41:58.267 [main] INFO  com.nopcommerce.testCases.BaseClass - User name is provided
2022-07-21 18:41:58.585 [main] INFO  com.nopcommerce.testCases.BaseClass - password is provided
2022-07-21 18:42:09.412 [main] INFO  com.nopcommerce.testCases.BaseClass - providing customer details....
2022-07-21 18:42:33.940 [main] INFO  com.nopcommerce.testCases.BaseClass - validation started....
2022-07-21 18:42:35.912 [main] INFO  com.nopcommerce.testCases.BaseClass - test case passed....
2022-07-21 19:00:27.648 [main] INFO  com.nopcommerce.testCases.BaseClass - User name is provided
2022-07-21 19:00:28.195 [main] INFO  com.nopcommerce.testCases.BaseClass - password is provided
2022-07-21 19:00:44.373 [main] INFO  com.nopcommerce.testCases.BaseClass - providing customer details....
2022-07-21 19:01:11.056 [main] INFO  com.nopcommerce.testCases.BaseClass - validation started....
2022-07-21 19:01:14.464 [main] INFO  com.nopcommerce.testCases.BaseClass - test case passed....
2022-07-21 19:06:13.401 [main] INFO  com.nopcommerce.testCases.BaseClass - User name is provided
2022-07-21 19:06:16.399 [main] INFO  com.nopcommerce.testCases.BaseClass - password is provided
2022-07-21 19:06:48.942 [main] INFO  com.nopcommerce.testCases.BaseClass - providing customer details....
2022-07-21 19:13:26.372 [main] INFO  com.nopcommerce.testCases.BaseClass - User name is provided
2022-07-21 19:13:27.096 [main] INFO  com.nopcommerce.testCases.BaseClass - password is provided
2022-07-21 19:13:40.527 [main] INFO  com.nopcommerce.testCases.BaseClass - providing customer details....
2022-07-21 19:14:02.144 [main] INFO  com.nopcommerce.testCases.BaseClass - validation started....
2022-07-21 19:14:04.496 [main] INFO  com.nopcommerce.testCases.BaseClass - test case passed....
